T550C 000:002.536   SEGGER J-Link V7.92h Log File
T550C 000:002.708   DLL Compiled: Oct  4 2023 16:15:34
T550C 000:002.725   Logging started @ 2023-11-07 04:35
T550C 000:002.739   Process: C:\Users\a5146761\.eclipse\com.renesas.platform_1534499526\DebugComp\RA\e2-server-gdb.exe
T550C 000:002.754 - 2.753ms
T550C 000:002.777 JLINK_GetDLLVersion()
T550C 000:002.797 - 0.016ms returns 79208
T550C 000:003.824 JLINK_OpenEx(...)
T550C 000:019.854   Firmware: J-Link OB-S124 compiled Jun 20 2023 17:09:11
T550C 000:020.442   Firmware: J-Link OB-S124 compiled Jun 20 2023 17:09:11
T550C 000:047.459   Hardware: V1.00
T550C 000:047.562   S/N: 831145083
T550C 000:047.599   OEM: SEGGER
T550C 000:047.635   Feature(s): None
T550C 000:049.702   Bootloader: 2019 Oct 15
T550C 000:051.181   USB speed mode: Full speed (12 MBit/s)
T550C 000:052.316   TELNET listener socket opened on port 19021
T550C 000:052.826   WEBSRV WEBSRV_Init(): Starting webserver thread(s)
T550C 000:053.251   WEBSRV Webserver running on local port 19080
T550C 000:053.704   Looking for J-Link GUI Server exe at: C:\Users\a5146761\.eclipse\com.renesas.platform_1534499526\DebugComp\RA\ARM\Segger_v7.92.8\JLinkGUIServer.exe
T550C 000:054.061   Looking for J-Link GUI Server exe at: \JLinkGUIServer.exe
T550C 000:355.087   Failed to connect to J-Link GUI Server.
T550C 000:355.309 - 351.473ms returns "O.K."
T550C 000:355.958 JLINK_ExecCommand("ProjectFile=C:\Users\a5146761\e2_studio\workspace\can_ek_ra4m3_EP_Q/can_ek_ra4m3_EP_Q.elf.jlink", ...). 
T550C 000:392.328 - 36.375ms returns 0x00
T550C 000:392.856 JLINK_ExecCommand("device=R7FA4M3AF", ...). 
T550C 000:393.367   Flash bank @ 0x60000000: SFL: Parsing sectorization info from ELF file
T550C 000:393.411     FlashDevice.SectorInfo[0]: .SectorSize = 0x00010000, .SectorStartAddr = 0x00000000
T550C 000:398.346   Device "R7FA4M3AF" selected.
T550C 000:399.183 - 6.304ms returns 0x00
T550C 000:399.224 JLINK_ReadMem(0xE000EDF0, 0x4 Bytes, ...)
T550C 000:399.728   ConfigTargetSettings() start
T550C 000:399.779    J-Link Script File: Executing ConfigTargetSettings()
T550C 000:399.806   Configuring FlashDLNoRMWThreshold=0x200 in order to make sure that option bytes programming is done via read-modify-write
T550C 000:418.608   ConfigTargetSettings() end - Took 18.8ms
T550C 000:420.246   InitTarget() start
T550C 000:420.305    J-Link Script File: Executing InitTarget()
T550C 000:420.325   SWD selected. Executing JTAG -> SWD switching sequence.
T550C 000:427.762   DAP initialized successfully.
T550C 000:427.876   Determining TrustZone configuration...
T550C 000:431.736     Secure Debug: Enabled (SSD)
T550C 000:431.821   Determining currently configured transfer type by reading the AHB-AP CSW register.
T550C 000:434.966     --> Correct transfer type configured. Done.
T550C 000:435.048   InitTarget() end - Took 14.7ms
T550C 000:437.760   Found SW-DP with ID 0x6BA02477
T550C 000:446.572   DPIDR: 0x6BA02477
T550C 000:446.681   CoreSight SoC-400 or earlier
T550C 000:446.722   Scanning AP map to find all available APs
T550C 000:451.114   AP[2]: Stopped AP scan as end of AP map has been reached
T550C 000:451.182   AP[0]: AHB-AP (IDR: 0x84770001)
T550C 000:451.208   AP[1]: APB-AP (IDR: 0x54770002)
T550C 000:451.233   Iterating through AP map to find AHB-AP to use
T550C 000:455.508   AP[0]: Core found
T550C 000:455.687   AP[0]: AHB-AP ROM base: 0xE00FE000
T550C 000:457.979   CPUID register: 0x410FD214. Implementer code: 0x41 (ARM)
T550C 000:458.066   Feature set: Mainline
T550C 000:460.411   Cache: No cache
T550C 000:460.524   Found Cortex-M33 r0p4, Little endian.
T550C 000:461.745   -- Max. mem block: 0x00001B00
T550C 000:464.364   CPU_ReadMem(4 bytes @ 0xE000EDF0)
T550C 000:466.668   CPU_WriteMem(4 bytes @ 0xE000EDF0)
T550C 000:469.031   CPU_ReadMem(4 bytes @ 0xE0002000)
T550C 000:471.444   FPUnit: 8 code (BP) slots and 0 literal slots
T550C 000:471.543   CPU_ReadMem(4 bytes @ 0xE000EDFC)
T550C 000:473.700   CPU_WriteMem(4 bytes @ 0xE000EDFC)
T550C 000:476.020   CPU_ReadMem(4 bytes @ 0xE0001000)
T550C 000:478.465   CPU_ReadMem(4 bytes @ 0xE0001000)
T550C 000:480.957   CPU_ReadMem(4 bytes @ 0xE0001028)
T550C 000:483.307   CPU_ReadMem(4 bytes @ 0xE0001038)
T550C 000:485.562   CPU_ReadMem(4 bytes @ 0xE0001048)
T550C 000:487.973   CPU_ReadMem(4 bytes @ 0xE0001058)
T550C 000:490.125   CPU_WriteMem(4 bytes @ 0xE0001000)
T550C 000:492.528   CPU_ReadMem(4 bytes @ 0xE000ED88)
T550C 000:494.856   CPU_WriteMem(4 bytes @ 0xE000ED88)
T550C 000:497.122   CPU_ReadMem(4 bytes @ 0xE000ED88)
T550C 000:499.211   CPU_WriteMem(4 bytes @ 0xE000ED88)
T550C 000:501.236   CPU_ReadMem(4 bytes @ 0xE000EFB8)
T550C 000:503.260   Security extension: implemented
T550C 000:503.314   Secure debug: enabled
T550C 000:503.341   CoreSight components:
T550C 000:503.380   ROMTbl[0] @ E00FE000
T550C 000:503.416   CPU_ReadMem(64 bytes @ 0xE00FE000)
T550C 000:509.428   CPU_ReadMem(32 bytes @ 0xE0044FE0)
T550C 000:513.495   CPU_ReadMem(4 bytes @ 0xE0044FBC)
T550C 000:515.638   CPU_ReadMem(4 bytes @ 0xE0044FCC)
T550C 000:517.734   [0][0]: E0044000 CID B105900D PID 005BB906 DEVARCH 00000000 DEVTYPE 14 CTI (?)
T550C 000:517.829   CPU_ReadMem(32 bytes @ 0xE0047FE0)
T550C 000:521.845   CPU_ReadMem(4 bytes @ 0xE0047FBC)
T550C 000:523.959   CPU_ReadMem(4 bytes @ 0xE0047FCC)
T550C 000:526.179   [0][1]: E0047000 CID B105900D PID 003BB908 DEVARCH 00000000 DEVTYPE 12 CSTF
T550C 000:526.231   CPU_ReadMem(32 bytes @ 0xE0048FE0)
T550C 000:530.157   CPU_ReadMem(4 bytes @ 0xE0048FBC)
T550C 000:532.113   CPU_ReadMem(4 bytes @ 0xE0048FCC)
T550C 000:534.224   [0][2]: E0048000 CID B105900D PID 001BB961 DEVARCH 00000000 DEVTYPE 21 ETB
T550C 000:534.293   CPU_ReadMem(32 bytes @ 0xE0049FE0)
T550C 000:538.227   [0][3]: E0049000 CID B105F00D PID 001BB101 TSG
T550C 000:538.311   CPU_ReadMem(32 bytes @ 0xE0040FE0)
T550C 000:542.263   CPU_ReadMem(4 bytes @ 0xE0040FBC)
T550C 000:544.258   CPU_ReadMem(4 bytes @ 0xE0040FCC)
T550C 000:546.421   [0][4]: E0040000 CID B105900D PID 000BBD21 DEVARCH 00000000 DEVTYPE 11 TPIU
T550C 000:546.501   CPU_ReadMem(32 bytes @ 0xE00FFFE0)
T550C 000:550.378   [0][5]: E00FF000 CID B105100D PID 000BB4C9 ROM Table
T550C 000:550.434   ROMTbl[1] @ E00FF000
T550C 000:550.464   CPU_ReadMem(64 bytes @ 0xE00FF000)
T550C 000:556.512   CPU_ReadMem(32 bytes @ 0xE000EFE0)
T550C 000:560.558   CPU_ReadMem(4 bytes @ 0xE000EFBC)
T550C 000:562.668   CPU_ReadMem(4 bytes @ 0xE000EFCC)
T550C 000:564.823   [1][0]: E000E000 CID B105900D PID 000BBD21 DEVARCH 47702A04 DEVTYPE 00 Cortex-M33
T550C 000:564.870   CPU_ReadMem(32 bytes @ 0xE0001FE0)
T550C 000:568.817   CPU_ReadMem(4 bytes @ 0xE0001FBC)
T550C 000:570.907   CPU_ReadMem(4 bytes @ 0xE0001FCC)
T550C 000:572.983   [1][1]: E0001000 CID B105900D PID 000BBD21 DEVARCH 47701A02 DEVTYPE 00 DWT
T550C 000:573.048   CPU_ReadMem(32 bytes @ 0xE0002FE0)
T550C 000:577.145   CPU_ReadMem(4 bytes @ 0xE0002FBC)
T550C 000:579.355   CPU_ReadMem(4 bytes @ 0xE0002FCC)
T550C 000:581.395   [1][2]: E0002000 CID B105900D PID 000BBD21 DEVARCH 47701A03 DEVTYPE 00 FPB
T550C 000:581.448   CPU_ReadMem(32 bytes @ 0xE0000FE0)
T550C 000:585.824   CPU_ReadMem(4 bytes @ 0xE0000FBC)
T550C 000:588.541   CPU_ReadMem(4 bytes @ 0xE0000FCC)
T550C 000:590.781   [1][3]: E0000000 CID B105900D PID 000BBD21 DEVARCH 47701A01 DEVTYPE 43 ITM
T550C 000:590.940   CPU_ReadMem(32 bytes @ 0xE0041FE0)
T550C 000:595.128   CPU_ReadMem(4 bytes @ 0xE0041FBC)
T550C 000:597.493   CPU_ReadMem(4 bytes @ 0xE0041FCC)
T550C 000:600.310   [1][5]: E0041000 CID B105900D PID 002BBD21 DEVARCH 47724A13 DEVTYPE 13 ETM
T550C 000:600.447   CPU_ReadMem(32 bytes @ 0xE0042FE0)
T550C 000:604.700   CPU_ReadMem(4 bytes @ 0xE0042FBC)
T550C 000:607.072   CPU_ReadMem(4 bytes @ 0xE0042FCC)
T550C 000:609.247   [1][6]: E0042000 CID B105900D PID 000BBD21 DEVARCH 47701A14 DEVTYPE 14 CSS600-CTI
T550C 000:609.589   CPU_ReadMem(4 bytes @ 0xE000EDF0)
T550C 000:612.384   Data:  01 00 10 01
T550C 000:612.544   Debug reg: DHCSR
T550C 000:612.597 - 213.374ms returns 0
T550C 000:612.677 JLINK_ReadMem(0x400E002C, 0x4 Bytes, ...)
T550C 000:612.734   CPU_ReadMem(4 bytes @ 0x400E002C)
T550C 000:615.262   Data:  02 00 00 00
T550C 000:615.435 - 2.757ms returns 0
T550C 000:615.563 JLINK_ReadMem(0xE000EDF0, 0x4 Bytes, ...)
T550C 000:615.667   CPU_ReadMem(4 bytes @ 0xE000EDF0)
T550C 000:617.888   Data:  01 00 10 01
T550C 000:618.197   Debug reg: DHCSR
T550C 000:618.261 - 2.698ms returns 0
T550C 000:618.471 JLINK_ReadMem(0xE000EDF0, 0x4 Bytes, ...)
T550C 000:618.642   CPU_ReadMem(4 bytes @ 0xE000EDF0)
T550C 000:620.818   Data:  01 00 10 01
T550C 000:620.995   Debug reg: DHCSR
T550C 000:621.069 - 2.599ms returns 0
T550C 000:621.132 JLINK_ReadMem(0x400E001C, 0x4 Bytes, ...)
T550C 000:621.202   CPU_ReadMem(4 bytes @ 0x400E001C)
T550C 000:623.429   Data:  00 38 00 00
T550C 000:623.640 - 2.507ms returns 0
T550C 000:623.706 JLINK_ReadMem(0xE000EDF0, 0x4 Bytes, ...)
T550C 000:623.817   CPU_ReadMem(4 bytes @ 0xE000EDF0)
T550C 000:626.014   Data:  01 00 10 01
T550C 000:626.116   Debug reg: DHCSR
T550C 000:626.156 - 2.450ms returns 0
T550C 000:626.192 JLINK_ReadMem(0x400E0018, 0x4 Bytes, ...)
T550C 000:626.229   CPU_ReadMem(4 bytes @ 0x400E0018)
T550C 000:628.274   Data:  00 80 00 00
T550C 000:628.343 - 2.151ms returns 0
T550C 000:628.380 JLINK_ReadMem(0xE000EDF0, 0x4 Bytes, ...)
T550C 000:628.413   CPU_ReadMem(4 bytes @ 0xE000EDF0)
T550C 000:630.653   Data:  01 00 10 01
T550C 000:630.778   Debug reg: DHCSR
T550C 000:630.815 - 2.435ms returns 0
T550C 000:630.857 JLINK_ReadMem(0x400E0020, 0x4 Bytes, ...)
T550C 000:630.896   CPU_ReadMem(4 bytes @ 0x400E0020)
T550C 000:633.324   Data:  00 00 00 00
T550C 000:633.454 - 2.596ms returns 0
T550C 000:633.566 JLINK_ReadMem(0xE000EDF0, 0x4 Bytes, ...)
T550C 000:633.616   CPU_ReadMem(4 bytes @ 0xE000EDF0)
T550C 000:635.890   Data:  01 00 10 01
T550C 000:636.052   Debug reg: DHCSR
T550C 000:636.087 - 2.521ms returns 0
T550C 000:636.128 JLINK_ReadMem(0x400E0028, 0x4 Bytes, ...)
T550C 000:636.199   CPU_ReadMem(4 bytes @ 0x400E0028)
T550C 000:638.437   Data:  00 14 00 00
T550C 000:638.603 - 2.474ms returns 0
T550C 000:638.678 JLINK_ReadMem(0xE000EDF0, 0x4 Bytes, ...)
T550C 000:638.738   CPU_ReadMem(4 bytes @ 0xE000EDF0)
T550C 000:641.046   Data:  01 00 10 01
T550C 000:641.138   Debug reg: DHCSR
T550C 000:641.227 - 2.549ms returns 0
T550C 000:641.265 JLINK_ReadMem(0x400E0024, 0x4 Bytes, ...)
T550C 000:641.309   CPU_ReadMem(4 bytes @ 0x400E0024)
T550C 000:643.713   Data:  00 20 00 00
T550C 000:643.846 - 2.580ms returns 0
T550C 000:643.910 JLINK_ReadMem(0xE000EDF0, 0x4 Bytes, ...)
T550C 000:643.954   CPU_ReadMem(4 bytes @ 0xE000EDF0)
T550C 000:646.249   Data:  01 00 10 01
T550C 000:646.380   Debug reg: DHCSR
T550C 000:646.422 - 2.511ms returns 0
T550C 000:646.469 JLINK_ReadMem(0x400E002C, 0x4 Bytes, ...)
T550C 000:646.512   CPU_ReadMem(4 bytes @ 0x400E002C)
T550C 000:648.705   Data:  02 00 00 00
T550C 000:648.843 - 2.373ms returns 0
T550C 000:648.905 JLINK_ReadMem(0xE000EDF0, 0x4 Bytes, ...)
T550C 000:648.955   CPU_ReadMem(4 bytes @ 0xE000EDF0)
T550C 000:651.178   Data:  01 00 10 01
T550C 000:651.323   Debug reg: DHCSR
T550C 000:651.368 - 2.462ms returns 0
T550C 000:651.419 JLINK_ReadMem(0x400E002C, 0x4 Bytes, ...)
T550C 000:651.467   CPU_ReadMem(4 bytes @ 0x400E002C)
T550C 000:653.672   Data:  02 00 00 00
T550C 000:653.804 - 2.384ms returns 0
T550C 000:663.432 JLINK_Close()
T550C 000:693.467 - 30.033ms
T550C 000:693.556   
T550C 000:693.579   Closed
